2024-01-17 11:16:17.937  INFO 9204 --- [main] com.zs.backend.BackendApplication        : Starting BackendApplication on DESKTOP-JIFFL0C with PID 9204 (D:\my-project\backend\target\classes started by Administrator in D:\my-project\backend)
2024-01-17 11:16:17.944 DEBUG 9204 --- [main] com.zs.backend.BackendApplication        : Running with Spring Boot v2.3.1.RELEASE, Spring v5.2.7.RELEASE
2024-01-17 11:16:17.944  INFO 9204 --- [main] com.zs.backend.BackendApplication        : The following profiles are active: dev
2024-01-17 11:16:18.894  WARN 9204 --- [main] ConfigServletWebServerApplicationContext : Exception encountered during context initialization - cancelling refresh attempt: org.springframework.beans.factory.BeanDefinitionStoreException: Failed to process import candidates for configuration class [com.zs.backend.BackendApplication]; nested exception is java.lang.NoSuchMethodError: org.springframework.boot.context.properties.bind.BindResult.orElseCreate(Ljava/lang/Class;)Ljava/lang/Object;
2024-01-17 11:16:18.900  INFO 9204 --- [main] ConditionEvaluationReportLoggingListener : 

Error starting ApplicationContext. To display the conditions report re-run your application with 'debug' enabled.
2024-01-17 11:16:18.907 ERROR 9204 --- [main] o.s.b.d.LoggingFailureAnalysisReporter   : 

***************************
APPLICATION FAILED TO START
***************************

Description:

An attempt was made to call a method that does not exist. The attempt was made from the following location:

    org.springframework.boot.autoconfigure.template.PathBasedTemplateAvailabilityProvider.isTemplateAvailable(PathBasedTemplateAvailabilityProvider.java:57)

The following method did not exist:

    org.springframework.boot.context.properties.bind.BindResult.orElseCreate(Ljava/lang/Class;)Ljava/lang/Object;

The method's class, org.springframework.boot.context.properties.bind.BindResult, is available from the following locations:

    jar:file:/D:/soft/repo/org/springframework/boot/spring-boot/2.3.1.RELEASE/spring-boot-2.3.1.RELEASE.jar!/org/springframework/boot/context/properties/bind/BindResult.class

The class hierarchy was loaded from the following locations:

    org.springframework.boot.context.properties.bind.BindResult: file:/D:/soft/repo/org/springframework/boot/spring-boot/2.3.1.RELEASE/spring-boot-2.3.1.RELEASE.jar


Action:

Correct the classpath of your application so that it contains a single, compatible version of org.springframework.boot.context.properties.bind.BindResult

2024-01-17 11:38:12.485  INFO 6128 --- [main] com.zs.backend.BackendApplication        : Starting BackendApplication on DESKTOP-JIFFL0C with PID 6128 (D:\my-project\backend\target\classes started by Administrator in D:\my-project\backend)
2024-01-17 11:38:12.503 DEBUG 6128 --- [main] com.zs.backend.BackendApplication        : Running with Spring Boot v2.3.1.RELEASE, Spring v5.2.7.RELEASE
2024-01-17 11:38:12.503  INFO 6128 --- [main] com.zs.backend.BackendApplication        : The following profiles are active: dev
2024-01-17 11:38:13.577  INFO 6128 --- [main] o.s.b.w.embedded.tomcat.TomcatWebServer  : Tomcat initialized with port(s): 8085 (http)
2024-01-17 11:38:13.586  INFO 6128 --- [main] o.apache.catalina.core.StandardService   : Starting service [Tomcat]
2024-01-17 11:38:13.587  INFO 6128 --- [main] org.apache.catalina.core.StandardEngine  : Starting Servlet engine: [Apache Tomcat/9.0.36]
2024-01-17 11:38:13.660  INFO 6128 --- [main] o.a.c.c.C.[Tomcat].[localhost].[/]       : Initializing Spring embedded WebApplicationContext
2024-01-17 11:38:13.661  INFO 6128 --- [main] w.s.c.ServletWebServerApplicationContext : Root WebApplicationContext: initialization completed in 1112 ms
2024-01-17 11:38:13.766  INFO 6128 --- [main] c.a.d.s.b.a.DruidDataSourceAutoConfigure : Init DruidDataSource
2024-01-17 11:38:13.838  INFO 6128 --- [main] com.alibaba.druid.pool.DruidDataSource   : {dataSource-1} inited
2024-01-17 11:38:14.288  INFO 6128 --- [main] com.zs.backend.dayi.RuleEngine           : 添加添加操作符别名 且=>and
2024-01-17 11:38:14.288  INFO 6128 --- [main] com.zs.backend.dayi.RuleEngine           : 添加添加操作符别名 或=>or
2024-01-17 11:38:14.292  INFO 6128 --- [main] com.zs.backend.dayi.RuleEngine           : 入参对象字段和公式参数的映射关系:{货物单位=goodsWeightUnitCode, 运输里程=mileage, 公里单价=mileagePrice, 运单总价=totalAmount, 货主签收量=signCapacity, abs1=signCapacityAbs_1, abs2=signCapacityAbs_2, abs3=signCapacityAbs_3, abs4=signCapacityAbs_4, 司机提货量=driverTakeCapacity, 司机卸货量=driverUnloadCapacity, 货主提货量=shipperTakeCapacity, 货主卸货量=shipperUnloadCapacity}
2024-01-17 11:38:14.478  INFO 6128 --- [main] o.s.s.web.DefaultSecurityFilterChain     : Creating filter chain: Ant [pattern='/test'], []
2024-01-17 11:38:14.526  INFO 6128 --- [main] o.s.s.web.DefaultSecurityFilterChain     : Creating filter chain: any request, [org.springframework.security.web.context.request.async.WebAsyncManagerIntegrationFilter@28b523a, org.springframework.security.web.context.SecurityContextPersistenceFilter@231b35fb, org.springframework.security.web.header.HeaderWriterFilter@23bd0c81, org.springframework.security.web.authentication.logout.LogoutFilter@3487442d, org.springframework.security.web.authentication.UsernamePasswordAuthenticationFilter@6f1fa1d0, org.springframework.security.web.authentication.ui.DefaultLoginPageGeneratingFilter@5a7b309b, org.springframework.security.web.authentication.ui.DefaultLogoutPageGeneratingFilter@52ba685a, org.springframework.security.web.savedrequest.RequestCacheAwareFilter@3820cfe, org.springframework.security.web.servletapi.SecurityContextHolderAwareRequestFilter@7d37ee0c, org.springframework.security.web.authentication.AnonymousAuthenticationFilter@63d677f5, org.springframework.security.web.session.SessionManagementFilter@544e3679, org.springframework.security.web.access.ExceptionTranslationFilter@5fb3111a, org.springframework.security.web.access.intercept.FilterSecurityInterceptor@4645679e]
2024-01-17 11:38:14.539  INFO 6128 --- [main] o.s.s.concurrent.ThreadPoolTaskExecutor  : Initializing ExecutorService
2024-01-17 11:38:14.853  INFO 6128 --- [main] o.s.b.w.embedded.tomcat.TomcatWebServer  : Tomcat started on port(s): 8085 (http) with context path ''
2024-01-17 11:38:14.862  INFO 6128 --- [main] com.zs.backend.BackendApplication        : Started BackendApplication in 2.884 seconds (JVM running for 4.004)
2024-01-17 15:39:24.359  INFO 6752 --- [main] com.zs.backend.BackendApplication        : Starting BackendApplication on DESKTOP-JIFFL0C with PID 6752 (D:\my-project\backend\backend-controller\target\classes started by Administrator in D:\my-project\backend)
2024-01-17 15:39:24.375 DEBUG 6752 --- [main] com.zs.backend.BackendApplication        : Running with Spring Boot v2.3.1.RELEASE, Spring v5.2.7.RELEASE
2024-01-17 15:39:24.375  INFO 6752 --- [main] com.zs.backend.BackendApplication        : The following profiles are active: dev
2024-01-17 15:39:25.308  WARN 6752 --- [main] o.m.s.mapper.ClassPathMapperScanner      : No MyBatis mapper was found in '[com.zs.backend.*.mapper]' package. Please check your configuration.
2024-01-17 15:39:25.646  INFO 6752 --- [main] o.s.b.w.embedded.tomcat.TomcatWebServer  : Tomcat initialized with port(s): 8085 (http)
2024-01-17 15:39:25.657  INFO 6752 --- [main] o.apache.catalina.core.StandardService   : Starting service [Tomcat]
2024-01-17 15:39:25.658  INFO 6752 --- [main] org.apache.catalina.core.StandardEngine  : Starting Servlet engine: [Apache Tomcat/9.0.36]
2024-01-17 15:39:25.751  INFO 6752 --- [main] o.a.c.c.C.[Tomcat].[localhost].[/]       : Initializing Spring embedded WebApplicationContext
2024-01-17 15:39:25.751  INFO 6752 --- [main] w.s.c.ServletWebServerApplicationContext : Root WebApplicationContext: initialization completed in 1307 ms
2024-01-17 15:39:25.954  INFO 6752 --- [main] o.s.s.concurrent.ThreadPoolTaskExecutor  : Initializing ExecutorService 'applicationTaskExecutor'
2024-01-17 15:39:26.061  INFO 6752 --- [main] c.a.d.s.b.a.DruidDataSourceAutoConfigure : Init DruidDataSource
2024-01-17 15:39:26.310  INFO 6752 --- [main] com.alibaba.druid.pool.DruidDataSource   : {dataSource-1} inited
2024-01-17 15:39:26.731  INFO 6752 --- [main] .s.s.UserDetailsServiceAutoConfiguration : 

Using generated security password: 58d38fcb-b2dd-44ad-8972-feb675d9c3c3

2024-01-17 15:39:26.847  INFO 6752 --- [main] o.s.s.web.DefaultSecurityFilterChain     : Creating filter chain: any request, [org.springframework.security.web.context.request.async.WebAsyncManagerIntegrationFilter@515ab3f2, org.springframework.security.web.context.SecurityContextPersistenceFilter@418f890f, org.springframework.security.web.header.HeaderWriterFilter@3e4d40ea, org.springframework.security.web.csrf.CsrfFilter@6424e613, org.springframework.security.web.authentication.logout.LogoutFilter@36224f93, org.springframework.security.web.authentication.UsernamePasswordAuthenticationFilter@543fe698, org.springframework.security.web.authentication.ui.DefaultLoginPageGeneratingFilter@299b9851, org.springframework.security.web.authentication.ui.DefaultLogoutPageGeneratingFilter@6d0e45a5, org.springframework.security.web.authentication.www.BasicAuthenticationFilter@4dc52559, org.springframework.security.web.savedrequest.RequestCacheAwareFilter@7d66e544, org.springframework.security.web.servletapi.SecurityContextHolderAwareRequestFilter@6c9b44bf, org.springframework.security.web.authentication.AnonymousAuthenticationFilter@7e7740a5, org.springframework.security.web.session.SessionManagementFilter@2c9d90fc, org.springframework.security.web.access.ExceptionTranslationFilter@1e76afeb, org.springframework.security.web.access.intercept.FilterSecurityInterceptor@65da01f4]
2024-01-17 15:39:26.918  INFO 6752 --- [main] o.s.b.w.embedded.tomcat.TomcatWebServer  : Tomcat started on port(s): 8085 (http) with context path ''
2024-01-17 15:39:26.930  INFO 6752 --- [main] com.zs.backend.BackendApplication        : Started BackendApplication in 3.65 seconds (JVM running for 4.986)
2024-01-17 15:52:23.901  INFO 1948 --- [main] com.zs.backend.BackendApplication        : Starting BackendApplication on DESKTOP-JIFFL0C with PID 1948 (D:\my-project\backend\backend-controller\target\classes started by Administrator in D:\my-project\backend)
2024-01-17 15:52:23.903 DEBUG 1948 --- [main] com.zs.backend.BackendApplication        : Running with Spring Boot v2.3.1.RELEASE, Spring v5.2.7.RELEASE
2024-01-17 15:52:23.903  INFO 1948 --- [main] com.zs.backend.BackendApplication        : The following profiles are active: dev
2024-01-17 15:52:24.703  WARN 1948 --- [main] o.m.s.mapper.ClassPathMapperScanner      : No MyBatis mapper was found in '[com.zs.backend.*.mapper]' package. Please check your configuration.
2024-01-17 15:52:25.047  INFO 1948 --- [main] o.s.b.w.embedded.tomcat.TomcatWebServer  : Tomcat initialized with port(s): 8085 (http)
2024-01-17 15:52:25.059  INFO 1948 --- [main] o.apache.catalina.core.StandardService   : Starting service [Tomcat]
2024-01-17 15:52:25.059  INFO 1948 --- [main] org.apache.catalina.core.StandardEngine  : Starting Servlet engine: [Apache Tomcat/9.0.36]
2024-01-17 15:52:25.186  INFO 1948 --- [main] o.a.c.c.C.[Tomcat].[localhost].[/]       : Initializing Spring embedded WebApplicationContext
2024-01-17 15:52:25.186  INFO 1948 --- [main] w.s.c.ServletWebServerApplicationContext : Root WebApplicationContext: initialization completed in 1241 ms
2024-01-17 15:52:25.349  INFO 1948 --- [main] o.s.s.concurrent.ThreadPoolTaskExecutor  : Initializing ExecutorService 'applicationTaskExecutor'
2024-01-17 15:52:25.467  INFO 1948 --- [main] c.a.d.s.b.a.DruidDataSourceAutoConfigure : Init DruidDataSource
2024-01-17 15:52:25.559  INFO 1948 --- [main] com.alibaba.druid.pool.DruidDataSource   : {dataSource-1} inited
2024-01-17 15:52:25.720  INFO 1948 --- [main] .s.s.UserDetailsServiceAutoConfiguration : 

Using generated security password: c148b1fc-5765-4bef-9487-dc6968776c5c

2024-01-17 15:52:25.792  INFO 1948 --- [main] o.s.s.web.DefaultSecurityFilterChain     : Creating filter chain: any request, [org.springframework.security.web.context.request.async.WebAsyncManagerIntegrationFilter@34a20f16, org.springframework.security.web.context.SecurityContextPersistenceFilter@191a0351, org.springframework.security.web.header.HeaderWriterFilter@5a4d4f9c, org.springframework.security.web.csrf.CsrfFilter@53dd42d6, org.springframework.security.web.authentication.logout.LogoutFilter@6aa7e176, org.springframework.security.web.authentication.UsernamePasswordAuthenticationFilter@62cbc478, org.springframework.security.web.authentication.ui.DefaultLoginPageGeneratingFilter@1a2ac487, org.springframework.security.web.authentication.ui.DefaultLogoutPageGeneratingFilter@496cc217, org.springframework.security.web.authentication.www.BasicAuthenticationFilter@5fef0c19, org.springframework.security.web.savedrequest.RequestCacheAwareFilter@51ba952e, org.springframework.security.web.servletapi.SecurityContextHolderAwareRequestFilter@39023dbf, org.springframework.security.web.authentication.AnonymousAuthenticationFilter@1a1c21b4, org.springframework.security.web.session.SessionManagementFilter@6c9b44bf, org.springframework.security.web.access.ExceptionTranslationFilter@24fba488, org.springframework.security.web.access.intercept.FilterSecurityInterceptor@7ccd611e]
2024-01-17 15:52:25.850  INFO 1948 --- [main] o.s.b.w.embedded.tomcat.TomcatWebServer  : Tomcat started on port(s): 8085 (http) with context path ''
2024-01-17 15:52:25.862  INFO 1948 --- [main] com.zs.backend.BackendApplication        : Started BackendApplication in 2.888 seconds (JVM running for 4.11)
2024-01-17 15:53:04.974  INFO 2396 --- [main] com.zs.backend.BackendApplication        : Starting BackendApplication on DESKTOP-JIFFL0C with PID 2396 (D:\my-project\backend\backend-controller\target\classes started by Administrator in D:\my-project\backend)
2024-01-17 15:53:04.975 DEBUG 2396 --- [main] com.zs.backend.BackendApplication        : Running with Spring Boot v2.3.1.RELEASE, Spring v5.2.7.RELEASE
2024-01-17 15:53:04.976  INFO 2396 --- [main] com.zs.backend.BackendApplication        : The following profiles are active: dev
2024-01-17 15:53:05.727  WARN 2396 --- [main] o.m.s.mapper.ClassPathMapperScanner      : No MyBatis mapper was found in '[com.zs.backend.*.mapper]' package. Please check your configuration.
2024-01-17 15:53:06.111  INFO 2396 --- [main] o.s.b.w.embedded.tomcat.TomcatWebServer  : Tomcat initialized with port(s): 8085 (http)
2024-01-17 15:53:06.121  INFO 2396 --- [main] o.apache.catalina.core.StandardService   : Starting service [Tomcat]
2024-01-17 15:53:06.122  INFO 2396 --- [main] org.apache.catalina.core.StandardEngine  : Starting Servlet engine: [Apache Tomcat/9.0.36]
2024-01-17 15:53:06.202  INFO 2396 --- [main] o.a.c.c.C.[Tomcat].[localhost].[/]       : Initializing Spring embedded WebApplicationContext
2024-01-17 15:53:06.202  INFO 2396 --- [main] w.s.c.ServletWebServerApplicationContext : Root WebApplicationContext: initialization completed in 1190 ms
2024-01-17 15:53:06.393  INFO 2396 --- [main] o.s.s.concurrent.ThreadPoolTaskExecutor  : Initializing ExecutorService 'applicationTaskExecutor'
2024-01-17 15:53:06.508  INFO 2396 --- [main] c.a.d.s.b.a.DruidDataSourceAutoConfigure : Init DruidDataSource
2024-01-17 15:53:06.590  INFO 2396 --- [main] com.alibaba.druid.pool.DruidDataSource   : {dataSource-1} inited
2024-01-17 15:53:06.797  INFO 2396 --- [main] .s.s.UserDetailsServiceAutoConfiguration : 

Using generated security password: 47849793-c0a2-4344-830c-92d11bc322a2

2024-01-17 15:53:06.887  INFO 2396 --- [main] o.s.s.web.DefaultSecurityFilterChain     : Creating filter chain: any request, [org.springframework.security.web.context.request.async.WebAsyncManagerIntegrationFilter@675b18ff, org.springframework.security.web.context.SecurityContextPersistenceFilter@6ddd1c51, org.springframework.security.web.header.HeaderWriterFilter@526f6427, org.springframework.security.web.csrf.CsrfFilter@1e226bcd, org.springframework.security.web.authentication.logout.LogoutFilter@640d604, org.springframework.security.web.authentication.UsernamePasswordAuthenticationFilter@20349058, org.springframework.security.web.authentication.ui.DefaultLoginPageGeneratingFilter@7c8874ef, org.springframework.security.web.authentication.ui.DefaultLogoutPageGeneratingFilter@34279b8a, org.springframework.security.web.authentication.www.BasicAuthenticationFilter@46f73ffa, org.springframework.security.web.savedrequest.RequestCacheAwareFilter@15605d83, org.springframework.security.web.servletapi.SecurityContextHolderAwareRequestFilter@22f02996, org.springframework.security.web.authentication.AnonymousAuthenticationFilter@687389a6, org.springframework.security.web.session.SessionManagementFilter@492521c4, org.springframework.security.web.access.ExceptionTranslationFilter@3887c7d7, org.springframework.security.web.access.intercept.FilterSecurityInterceptor@216372b7]
2024-01-17 15:53:06.956  INFO 2396 --- [main] o.s.b.w.embedded.tomcat.TomcatWebServer  : Tomcat started on port(s): 8085 (http) with context path ''
2024-01-17 15:53:06.986  INFO 2396 --- [main] com.zs.backend.BackendApplication        : Started BackendApplication in 2.482 seconds (JVM running for 5.464)
2024-01-17 15:53:16.861  INFO 2396 --- [SpringContextShutdownHook] com.alibaba.druid.pool.DruidDataSource   : {dataSource-1} closing ...
2024-01-17 15:53:16.863  INFO 2396 --- [SpringContextShutdownHook] com.alibaba.druid.pool.DruidDataSource   : {dataSource-1} closed
2024-01-17 15:53:16.864  INFO 2396 --- [SpringContextShutdownHook] o.s.s.concurrent.ThreadPoolTaskExecutor  : Shutting down ExecutorService 'applicationTaskExecutor'
2024-01-17 15:53:20.677  INFO 10460 --- [main] com.zs.backend.BackendApplication        : Starting BackendApplication on DESKTOP-JIFFL0C with PID 10460 (D:\my-project\backend\backend-controller\target\classes started by Administrator in D:\my-project\backend)
2024-01-17 15:53:20.679 DEBUG 10460 --- [main] com.zs.backend.BackendApplication        : Running with Spring Boot v2.3.1.RELEASE, Spring v5.2.7.RELEASE
2024-01-17 15:53:20.679  INFO 10460 --- [main] com.zs.backend.BackendApplication        : The following profiles are active: dev
2024-01-17 15:53:21.565  WARN 10460 --- [main] o.m.s.mapper.ClassPathMapperScanner      : No MyBatis mapper was found in '[com.zs.backend.*.mapper]' package. Please check your configuration.
2024-01-17 15:53:21.967  INFO 10460 --- [main] o.s.b.w.embedded.tomcat.TomcatWebServer  : Tomcat initialized with port(s): 8086 (http)
2024-01-17 15:53:21.982  INFO 10460 --- [main] o.apache.catalina.core.StandardService   : Starting service [Tomcat]
2024-01-17 15:53:21.982  INFO 10460 --- [main] org.apache.catalina.core.StandardEngine  : Starting Servlet engine: [Apache Tomcat/9.0.36]
2024-01-17 15:53:22.079  INFO 10460 --- [main] o.a.c.c.C.[Tomcat].[localhost].[/]       : Initializing Spring embedded WebApplicationContext
2024-01-17 15:53:22.079  INFO 10460 --- [main] w.s.c.ServletWebServerApplicationContext : Root WebApplicationContext: initialization completed in 1349 ms
2024-01-17 15:53:22.272  INFO 10460 --- [main] o.s.s.concurrent.ThreadPoolTaskExecutor  : Initializing ExecutorService 'applicationTaskExecutor'
2024-01-17 15:53:22.445  INFO 10460 --- [main] c.a.d.s.b.a.DruidDataSourceAutoConfigure : Init DruidDataSource
2024-01-17 15:53:22.546  INFO 10460 --- [main] com.alibaba.druid.pool.DruidDataSource   : {dataSource-1} inited
2024-01-17 15:53:22.789  INFO 10460 --- [main] .s.s.UserDetailsServiceAutoConfiguration : 

Using generated security password: d9190b08-c18d-480c-9705-a1e96e806f58

2024-01-17 15:53:22.889  INFO 10460 --- [main] o.s.s.web.DefaultSecurityFilterChain     : Creating filter chain: any request, [org.springframework.security.web.context.request.async.WebAsyncManagerIntegrationFilter@d2708a7, org.springframework.security.web.context.SecurityContextPersistenceFilter@3b088163, org.springframework.security.web.header.HeaderWriterFilter@257f30f7, org.springframework.security.web.csrf.CsrfFilter@281b2dfd, org.springframework.security.web.authentication.logout.LogoutFilter@4c18516, org.springframework.security.web.authentication.UsernamePasswordAuthenticationFilter@7558633, org.springframework.security.web.authentication.ui.DefaultLoginPageGeneratingFilter@372f0a99, org.springframework.security.web.authentication.ui.DefaultLogoutPageGeneratingFilter@508ad266, org.springframework.security.web.authentication.www.BasicAuthenticationFilter@71936a92, org.springframework.security.web.savedrequest.RequestCacheAwareFilter@611d0763, org.springframework.security.web.servletapi.SecurityContextHolderAwareRequestFilter@4ef18604, org.springframework.security.web.authentication.AnonymousAuthenticationFilter@2313db84, org.springframework.security.web.session.SessionManagementFilter@1f916219, org.springframework.security.web.access.ExceptionTranslationFilter@6d69a0d3, org.springframework.security.web.access.intercept.FilterSecurityInterceptor@285a4fe3]
2024-01-17 15:53:22.959  INFO 10460 --- [main] o.s.b.w.embedded.tomcat.TomcatWebServer  : Tomcat started on port(s): 8086 (http) with context path ''
2024-01-17 15:53:22.972  INFO 10460 --- [main] com.zs.backend.BackendApplication        : Started BackendApplication in 3.258 seconds (JVM running for 5.046)
2024-01-17 15:54:06.706  INFO 10460 --- [http-nio-8086-exec-2] o.a.c.c.C.[Tomcat].[localhost].[/]       : Initializing Spring DispatcherServlet 'dispatcherServlet'
2024-01-17 15:54:06.710  INFO 10460 --- [http-nio-8086-exec-2] o.s.web.servlet.DispatcherServlet        : Initializing Servlet 'dispatcherServlet'
2024-01-17 15:54:06.735  INFO 10460 --- [http-nio-8086-exec-2] o.s.web.servlet.DispatcherServlet        : Completed initialization in 25 ms
2024-01-17 15:54:07.232  WARN 10460 --- [http-nio-8086-exec-2] o.a.c.util.SessionIdGeneratorBase        : Creation of SecureRandom instance for session ID generation using [SHA1PRNG] took [415] milliseconds.
2024-01-17 15:56:54.306  INFO 6668 --- [main] com.zs.backend.BackendApplication        : Starting BackendApplication on DESKTOP-JIFFL0C with PID 6668 (D:\my-project\backend\backend-controller\target\classes started by Administrator in D:\my-project\backend)
2024-01-17 15:56:54.308 DEBUG 6668 --- [main] com.zs.backend.BackendApplication        : Running with Spring Boot v2.3.1.RELEASE, Spring v5.2.7.RELEASE
2024-01-17 15:56:54.309  INFO 6668 --- [main] com.zs.backend.BackendApplication        : The following profiles are active: dev
2024-01-17 15:56:55.082  WARN 6668 --- [main] o.m.s.mapper.ClassPathMapperScanner      : No MyBatis mapper was found in '[com.zs.backend.*.mapper]' package. Please check your configuration.
2024-01-17 15:56:55.376  INFO 6668 --- [main] o.s.b.w.embedded.tomcat.TomcatWebServer  : Tomcat initialized with port(s): 8086 (http)
2024-01-17 15:56:55.387  INFO 6668 --- [main] o.apache.catalina.core.StandardService   : Starting service [Tomcat]
2024-01-17 15:56:55.388  INFO 6668 --- [main] org.apache.catalina.core.StandardEngine  : Starting Servlet engine: [Apache Tomcat/9.0.36]
2024-01-17 15:56:55.453  INFO 6668 --- [main] o.a.c.c.C.[Tomcat].[localhost].[/]       : Initializing Spring embedded WebApplicationContext
2024-01-17 15:56:55.454  INFO 6668 --- [main] w.s.c.ServletWebServerApplicationContext : Root WebApplicationContext: initialization completed in 1010 ms
2024-01-17 15:56:55.581  INFO 6668 --- [main] o.s.s.concurrent.ThreadPoolTaskExecutor  : Initializing ExecutorService 'applicationTaskExecutor'
2024-01-17 15:56:55.690  INFO 6668 --- [main] c.a.d.s.b.a.DruidDataSourceAutoConfigure : Init DruidDataSource
2024-01-17 15:56:55.756  INFO 6668 --- [main] com.alibaba.druid.pool.DruidDataSource   : {dataSource-1} inited
2024-01-17 15:56:55.927  INFO 6668 --- [main] .s.s.UserDetailsServiceAutoConfiguration : 

Using generated security password: 9d2f2c5f-c64e-4744-91b0-d3cc6a608d7b

2024-01-17 15:56:55.999  INFO 6668 --- [main] o.s.s.web.DefaultSecurityFilterChain     : Creating filter chain: any request, [org.springframework.security.web.context.request.async.WebAsyncManagerIntegrationFilter@22f02996, org.springframework.security.web.context.SecurityContextPersistenceFilter@6424e613, org.springframework.security.web.header.HeaderWriterFilter@3c7b137a, org.springframework.security.web.csrf.CsrfFilter@19fec3d6, org.springframework.security.web.authentication.logout.LogoutFilter@24fba488, org.springframework.security.web.authentication.UsernamePasswordAuthenticationFilter@b1b471, org.springframework.security.web.authentication.ui.DefaultLoginPageGeneratingFilter@7ec08115, org.springframework.security.web.authentication.ui.DefaultLogoutPageGeneratingFilter@7c8874ef, org.springframework.security.web.authentication.www.BasicAuthenticationFilter@2a0b901c, org.springframework.security.web.savedrequest.RequestCacheAwareFilter@8e99809, org.springframework.security.web.servletapi.SecurityContextHolderAwareRequestFilter@4a62062a, org.springframework.security.web.authentication.AnonymousAuthenticationFilter@42c0a16e, org.springframework.security.web.session.SessionManagementFilter@5a48da4f, org.springframework.security.web.access.ExceptionTranslationFilter@3af10d0b, org.springframework.security.web.access.intercept.FilterSecurityInterceptor@3e5beab5]
2024-01-17 15:56:56.048  INFO 6668 --- [main] o.s.b.w.embedded.tomcat.TomcatWebServer  : Tomcat started on port(s): 8086 (http) with context path ''
2024-01-17 15:56:56.058  INFO 6668 --- [main] com.zs.backend.BackendApplication        : Started BackendApplication in 2.376 seconds (JVM running for 3.503)
2024-01-17 15:57:12.815  INFO 6668 --- [http-nio-8086-exec-1] o.a.c.c.C.[Tomcat].[localhost].[/]       : Initializing Spring DispatcherServlet 'dispatcherServlet'
2024-01-17 15:57:12.817  INFO 6668 --- [http-nio-8086-exec-1] o.s.web.servlet.DispatcherServlet        : Initializing Servlet 'dispatcherServlet'
2024-01-17 15:57:12.829  INFO 6668 --- [http-nio-8086-exec-1] o.s.web.servlet.DispatcherServlet        : Completed initialization in 11 ms
2024-01-17 15:57:13.276  WARN 6668 --- [http-nio-8086-exec-1] o.a.c.util.SessionIdGeneratorBase        : Creation of SecureRandom instance for session ID generation using [SHA1PRNG] took [412] milliseconds.
2024-01-17 15:59:00.661  INFO 6904 --- [main] com.zs.backend.BackendApplication        : Starting BackendApplication on DESKTOP-JIFFL0C with PID 6904 (D:\my-project\backend\backend-controller\target\classes started by Administrator in D:\my-project\backend)
2024-01-17 15:59:00.717 DEBUG 6904 --- [main] com.zs.backend.BackendApplication        : Running with Spring Boot v2.3.1.RELEASE, Spring v5.2.7.RELEASE
2024-01-17 15:59:00.717  INFO 6904 --- [main] com.zs.backend.BackendApplication        : The following profiles are active: dev
2024-01-17 15:59:01.542  WARN 6904 --- [main] o.m.s.mapper.ClassPathMapperScanner      : No MyBatis mapper was found in '[com.zs.backend.*.mapper]' package. Please check your configuration.
2024-01-17 15:59:01.817  INFO 6904 --- [main] o.s.b.w.embedded.tomcat.TomcatWebServer  : Tomcat initialized with port(s): 8086 (http)
2024-01-17 15:59:01.826  INFO 6904 --- [main] o.apache.catalina.core.StandardService   : Starting service [Tomcat]
2024-01-17 15:59:01.826  INFO 6904 --- [main] org.apache.catalina.core.StandardEngine  : Starting Servlet engine: [Apache Tomcat/9.0.36]
2024-01-17 15:59:01.898  INFO 6904 --- [main] o.a.c.c.C.[Tomcat].[localhost].[/]       : Initializing Spring embedded WebApplicationContext
2024-01-17 15:59:01.901  INFO 6904 --- [main] w.s.c.ServletWebServerApplicationContext : Root WebApplicationContext: initialization completed in 1007 ms
2024-01-17 15:59:02.029  INFO 6904 --- [main] o.s.s.concurrent.ThreadPoolTaskExecutor  : Initializing ExecutorService 'applicationTaskExecutor'
2024-01-17 15:59:02.156  INFO 6904 --- [main] c.a.d.s.b.a.DruidDataSourceAutoConfigure : Init DruidDataSource
2024-01-17 15:59:02.221  INFO 6904 --- [main] com.alibaba.druid.pool.DruidDataSource   : {dataSource-1} inited
2024-01-17 15:59:02.385  INFO 6904 --- [main] o.s.b.w.embedded.tomcat.TomcatWebServer  : Tomcat started on port(s): 8086 (http) with context path ''
2024-01-17 15:59:02.394  INFO 6904 --- [main] com.zs.backend.BackendApplication        : Started BackendApplication in 2.48 seconds (JVM running for 3.62)
2024-01-17 15:59:14.066  INFO 6904 --- [http-nio-8086-exec-1] o.a.c.c.C.[Tomcat].[localhost].[/]       : Initializing Spring DispatcherServlet 'dispatcherServlet'
2024-01-17 15:59:14.070  INFO 6904 --- [http-nio-8086-exec-1] o.s.web.servlet.DispatcherServlet        : Initializing Servlet 'dispatcherServlet'
2024-01-17 15:59:14.077  INFO 6904 --- [http-nio-8086-exec-1] o.s.web.servlet.DispatcherServlet        : Completed initialization in 6 ms
2024-01-17 16:01:35.596  INFO 11200 --- [main] com.zs.backend.BackendApplication        : Starting BackendApplication on DESKTOP-JIFFL0C with PID 11200 (D:\my-project\backend\backend-controller\target\classes started by Administrator in D:\my-project\backend)
2024-01-17 16:01:35.598 DEBUG 11200 --- [main] com.zs.backend.BackendApplication        : Running with Spring Boot v2.3.1.RELEASE, Spring v5.2.7.RELEASE
2024-01-17 16:01:35.598  INFO 11200 --- [main] com.zs.backend.BackendApplication        : The following profiles are active: dev
2024-01-17 16:01:36.343  WARN 11200 --- [main] o.m.s.mapper.ClassPathMapperScanner      : No MyBatis mapper was found in '[com.zs.backend.*.mapper]' package. Please check your configuration.
2024-01-17 16:01:36.687  INFO 11200 --- [main] o.s.b.w.embedded.tomcat.TomcatWebServer  : Tomcat initialized with port(s): 8086 (http)
2024-01-17 16:01:36.696  INFO 11200 --- [main] o.apache.catalina.core.StandardService   : Starting service [Tomcat]
2024-01-17 16:01:36.696  INFO 11200 --- [main] org.apache.catalina.core.StandardEngine  : Starting Servlet engine: [Apache Tomcat/9.0.36]
2024-01-17 16:01:36.772  INFO 11200 --- [main] o.a.c.c.C.[Tomcat].[localhost].[/]       : Initializing Spring embedded WebApplicationContext
2024-01-17 16:01:36.773  INFO 11200 --- [main] w.s.c.ServletWebServerApplicationContext : Root WebApplicationContext: initialization completed in 1085 ms
2024-01-17 16:01:36.938  INFO 11200 --- [main] o.s.s.concurrent.ThreadPoolTaskExecutor  : Initializing ExecutorService 'applicationTaskExecutor'
2024-01-17 16:01:37.054  INFO 11200 --- [main] c.a.d.s.b.a.DruidDataSourceAutoConfigure : Init DruidDataSource
2024-01-17 16:01:37.131  INFO 11200 --- [main] com.alibaba.druid.pool.DruidDataSource   : {dataSource-1} inited
2024-01-17 16:01:37.335  INFO 11200 --- [main] o.s.b.w.embedded.tomcat.TomcatWebServer  : Tomcat started on port(s): 8086 (http) with context path ''
2024-01-17 16:01:37.347  INFO 11200 --- [main] com.zs.backend.BackendApplication        : Started BackendApplication in 2.536 seconds (JVM running for 3.937)
2024-01-17 16:01:41.304  INFO 11200 --- [http-nio-8086-exec-1] o.a.c.c.C.[Tomcat].[localhost].[/]       : Initializing Spring DispatcherServlet 'dispatcherServlet'
2024-01-17 16:01:41.306  INFO 11200 --- [http-nio-8086-exec-1] o.s.web.servlet.DispatcherServlet        : Initializing Servlet 'dispatcherServlet'
2024-01-17 16:01:41.313  INFO 11200 --- [http-nio-8086-exec-1] o.s.web.servlet.DispatcherServlet        : Completed initialization in 5 ms
2024-01-17 16:33:23.326  INFO 10760 --- [main] com.zs.backend.BackendApplication        : Starting BackendApplication on DESKTOP-JIFFL0C with PID 10760 (D:\my-project\backend\backend-controller\target\classes started by Administrator in D:\my-project\backend)
2024-01-17 16:33:23.342 DEBUG 10760 --- [main] com.zs.backend.BackendApplication        : Running with Spring Boot v2.3.1.RELEASE, Spring v5.2.7.RELEASE
2024-01-17 16:33:23.343  INFO 10760 --- [main] com.zs.backend.BackendApplication        : The following profiles are active: dev
2024-01-17 16:33:25.053  INFO 10760 --- [main] o.s.b.w.embedded.tomcat.TomcatWebServer  : Tomcat initialized with port(s): 8086 (http)
2024-01-17 16:33:25.066  INFO 10760 --- [main] o.apache.catalina.core.StandardService   : Starting service [Tomcat]
2024-01-17 16:33:25.067  INFO 10760 --- [main] org.apache.catalina.core.StandardEngine  : Starting Servlet engine: [Apache Tomcat/9.0.36]
2024-01-17 16:33:25.203  INFO 10760 --- [main] o.a.c.c.C.[Tomcat].[localhost].[/]       : Initializing Spring embedded WebApplicationContext
2024-01-17 16:33:25.206  INFO 10760 --- [main] w.s.c.ServletWebServerApplicationContext : Root WebApplicationContext: initialization completed in 1810 ms
2024-01-17 16:33:25.369  INFO 10760 --- [main] c.a.d.s.b.a.DruidDataSourceAutoConfigure : Init DruidDataSource
2024-01-17 16:33:25.543  INFO 10760 --- [main] com.alibaba.druid.pool.DruidDataSource   : {dataSource-1} inited
2024-01-17 16:33:26.009  INFO 10760 --- [main] o.s.s.concurrent.ThreadPoolTaskExecutor  : Initializing ExecutorService 'applicationTaskExecutor'
2024-01-17 16:33:26.345  INFO 10760 --- [main] o.s.b.w.embedded.tomcat.TomcatWebServer  : Tomcat started on port(s): 8086 (http) with context path ''
2024-01-17 16:33:26.358  INFO 10760 --- [main] com.zs.backend.BackendApplication        : Started BackendApplication in 4.02 seconds (JVM running for 5.72)
2024-01-17 16:33:30.509  INFO 10760 --- [http-nio-8086-exec-1] o.a.c.c.C.[Tomcat].[localhost].[/]       : Initializing Spring DispatcherServlet 'dispatcherServlet'
2024-01-17 16:33:30.511  INFO 10760 --- [http-nio-8086-exec-1] o.s.web.servlet.DispatcherServlet        : Initializing Servlet 'dispatcherServlet'
2024-01-17 16:33:30.519  INFO 10760 --- [http-nio-8086-exec-1] o.s.web.servlet.DispatcherServlet        : Completed initialization in 7 ms
2024-01-17 16:33:30.571 ERROR 10760 --- [http-nio-8086-exec-1] o.a.c.c.C.[.[.[/].[dispatcherServlet]    : Servlet.service() for servlet [dispatcherServlet] in context with path [] threw exception [Request processing failed; nested exception is java.lang.NullPointerException] with root cause

java.lang.NullPointerException: null
	at com.zs.backend.service.impl.CommonUserServiceImpl.getUserPage(CommonUserServiceImpl.java:38)
	at com.zs.backend.service.impl.CommonUserServiceImpl$$FastClassBySpringCGLIB$$9a16976c.invoke(<generated>)
	at org.springframework.cglib.proxy.MethodProxy.invoke(MethodProxy.java:218)
	at org.springframework.aop.framework.CglibAopProxy$DynamicAdvisedInterceptor.intercept(CglibAopProxy.java:687)
	at com.zs.backend.service.impl.CommonUserServiceImpl$$EnhancerBySpringCGLIB$$38921fb.getUserPage(<generated>)
	at com.zs.backend.test.TestController.test(TestController.java:22)
	at java.base/jdk.internal.reflect.NativeMethodAccessorImpl.invoke0(Native Method)
	at java.base/jdk.internal.reflect.NativeMethodAccessorImpl.invoke(NativeMethodAccessorImpl.java:62)
	at java.base/jdk.internal.reflect.DelegatingMethodAccessorImpl.invoke(DelegatingMethodAccessorImpl.java:43)
	at java.base/java.lang.reflect.Method.invoke(Method.java:566)
	at org.springframework.web.method.support.InvocableHandlerMethod.doInvoke(InvocableHandlerMethod.java:190)
	at org.springframework.web.method.support.InvocableHandlerMethod.invokeForRequest(InvocableHandlerMethod.java:138)
	at org.springframework.web.servlet.mvc.method.annotation.ServletInvocableHandlerMethod.invokeAndHandle(ServletInvocableHandlerMethod.java:105)
	at org.springframework.web.servlet.mvc.method.annotation.RequestMappingHandlerAdapter.invokeHandlerMethod(RequestMappingHandlerAdapter.java:879)
	at org.springframework.web.servlet.mvc.method.annotation.RequestMappingHandlerAdapter.handleInternal(RequestMappingHandlerAdapter.java:793)
	at org.springframework.web.servlet.mvc.method.AbstractHandlerMethodAdapter.handle(AbstractHandlerMethodAdapter.java:87)
	at org.springframework.web.servlet.DispatcherServlet.doDispatch(DispatcherServlet.java:1040)
	at org.springframework.web.servlet.DispatcherServlet.doService(DispatcherServlet.java:943)
	at org.springframework.web.servlet.FrameworkServlet.processRequest(FrameworkServlet.java:1006)
	at org.springframework.web.servlet.FrameworkServlet.doGet(FrameworkServlet.java:898)
	at javax.servlet.http.HttpServlet.service(HttpServlet.java:634)
	at org.springframework.web.servlet.FrameworkServlet.service(FrameworkServlet.java:883)
	at javax.servlet.http.HttpServlet.service(HttpServlet.java:741)
	at org.apache.catalina.core.ApplicationFilterChain.internalDoFilter(ApplicationFilterChain.java:231)
	at org.apache.catalina.core.ApplicationFilterChain.doFilter(ApplicationFilterChain.java:166)
	at org.apache.tomcat.websocket.server.WsFilter.doFilter(WsFilter.java:53)
	at org.apache.catalina.core.ApplicationFilterChain.internalDoFilter(ApplicationFilterChain.java:193)
	at org.apache.catalina.core.ApplicationFilterChain.doFilter(ApplicationFilterChain.java:166)
	at org.springframework.web.filter.RequestContextFilter.doFilterInternal(RequestContextFilter.java:100)
	at org.springframework.web.filter.OncePerRequestFilter.doFilter(OncePerRequestFilter.java:119)
	at org.apache.catalina.core.ApplicationFilterChain.internalDoFilter(ApplicationFilterChain.java:193)
	at org.apache.catalina.core.ApplicationFilterChain.doFilter(ApplicationFilterChain.java:166)
	at org.springframework.web.filter.FormContentFilter.doFilterInternal(FormContentFilter.java:93)
	at org.springframework.web.filter.OncePerRequestFilter.doFilter(OncePerRequestFilter.java:119)
	at org.apache.catalina.core.ApplicationFilterChain.internalDoFilter(ApplicationFilterChain.java:193)
	at org.apache.catalina.core.ApplicationFilterChain.doFilter(ApplicationFilterChain.java:166)
	at org.springframework.web.filter.CharacterEncodingFilter.doFilterInternal(CharacterEncodingFilter.java:201)
	at org.springframework.web.filter.OncePerRequestFilter.doFilter(OncePerRequestFilter.java:119)
	at org.apache.catalina.core.ApplicationFilterChain.internalDoFilter(ApplicationFilterChain.java:193)
	at org.apache.catalina.core.ApplicationFilterChain.doFilter(ApplicationFilterChain.java:166)
	at org.apache.catalina.core.StandardWrapperValve.invoke(StandardWrapperValve.java:202)
	at org.apache.catalina.core.StandardContextValve.invoke(StandardContextValve.java:96)
	at org.apache.catalina.authenticator.AuthenticatorBase.invoke(AuthenticatorBase.java:541)
	at org.apache.catalina.core.StandardHostValve.invoke(StandardHostValve.java:139)
	at org.apache.catalina.valves.ErrorReportValve.invoke(ErrorReportValve.java:92)
	at org.apache.catalina.core.StandardEngineValve.invoke(StandardEngineValve.java:74)
	at org.apache.catalina.connector.CoyoteAdapter.service(CoyoteAdapter.java:343)
	at org.apache.coyote.http11.Http11Processor.service(Http11Processor.java:373)
	at org.apache.coyote.AbstractProcessorLight.process(AbstractProcessorLight.java:65)
	at org.apache.coyote.AbstractProtocol$ConnectionHandler.process(AbstractProtocol.java:868)
	at org.apache.tomcat.util.net.NioEndpoint$SocketProcessor.doRun(NioEndpoint.java:1590)
	at org.apache.tomcat.util.net.SocketProcessorBase.run(SocketProcessorBase.java:49)
	at java.base/java.util.concurrent.ThreadPoolExecutor.runWorker(ThreadPoolExecutor.java:1128)
	at java.base/java.util.concurrent.ThreadPoolExecutor$Worker.run(ThreadPoolExecutor.java:628)
	at org.apache.tomcat.util.threads.TaskThread$WrappingRunnable.run(TaskThread.java:61)
	at java.base/java.lang.Thread.run(Thread.java:834)

2024-01-17 16:36:57.557 ERROR 10760 --- [http-nio-8086-exec-3] o.a.c.c.C.[.[.[/].[dispatcherServlet]    : Servlet.service() for servlet [dispatcherServlet] in context with path [] threw exception [Request processing failed; nested exception is java.lang.NullPointerException] with root cause

java.lang.NullPointerException: null
	at com.zs.backend.service.impl.CommonUserServiceImpl.getUserPage(CommonUserServiceImpl.java:38)
	at com.zs.backend.service.impl.CommonUserServiceImpl$$FastClassBySpringCGLIB$$9a16976c.invoke(<generated>)
	at org.springframework.cglib.proxy.MethodProxy.invoke(MethodProxy.java:218)
	at org.springframework.aop.framework.CglibAopProxy$DynamicAdvisedInterceptor.intercept(CglibAopProxy.java:687)
	at com.zs.backend.service.impl.CommonUserServiceImpl$$EnhancerBySpringCGLIB$$38921fb.getUserPage(<generated>)
	at com.zs.backend.test.TestController.test(TestController.java:22)
	at java.base/jdk.internal.reflect.NativeMethodAccessorImpl.invoke0(Native Method)
	at java.base/jdk.internal.reflect.NativeMethodAccessorImpl.invoke(NativeMethodAccessorImpl.java:62)
	at java.base/jdk.internal.reflect.DelegatingMethodAccessorImpl.invoke(DelegatingMethodAccessorImpl.java:43)
	at java.base/java.lang.reflect.Method.invoke(Method.java:566)
	at org.springframework.web.method.support.InvocableHandlerMethod.doInvoke(InvocableHandlerMethod.java:190)
	at org.springframework.web.method.support.InvocableHandlerMethod.invokeForRequest(InvocableHandlerMethod.java:138)
	at org.springframework.web.servlet.mvc.method.annotation.ServletInvocableHandlerMethod.invokeAndHandle(ServletInvocableHandlerMethod.java:105)
	at org.springframework.web.servlet.mvc.method.annotation.RequestMappingHandlerAdapter.invokeHandlerMethod(RequestMappingHandlerAdapter.java:879)
	at org.springframework.web.servlet.mvc.method.annotation.RequestMappingHandlerAdapter.handleInternal(RequestMappingHandlerAdapter.java:793)
	at org.springframework.web.servlet.mvc.method.AbstractHandlerMethodAdapter.handle(AbstractHandlerMethodAdapter.java:87)
	at org.springframework.web.servlet.DispatcherServlet.doDispatch(DispatcherServlet.java:1040)
	at org.springframework.web.servlet.DispatcherServlet.doService(DispatcherServlet.java:943)
	at org.springframework.web.servlet.FrameworkServlet.processRequest(FrameworkServlet.java:1006)
	at org.springframework.web.servlet.FrameworkServlet.doGet(FrameworkServlet.java:898)
	at javax.servlet.http.HttpServlet.service(HttpServlet.java:634)
	at org.springframework.web.servlet.FrameworkServlet.service(FrameworkServlet.java:883)
	at javax.servlet.http.HttpServlet.service(HttpServlet.java:741)
	at org.apache.catalina.core.ApplicationFilterChain.internalDoFilter(ApplicationFilterChain.java:231)
	at org.apache.catalina.core.ApplicationFilterChain.doFilter(ApplicationFilterChain.java:166)
	at org.apache.tomcat.websocket.server.WsFilter.doFilter(WsFilter.java:53)
	at org.apache.catalina.core.ApplicationFilterChain.internalDoFilter(ApplicationFilterChain.java:193)
	at org.apache.catalina.core.ApplicationFilterChain.doFilter(ApplicationFilterChain.java:166)
	at org.springframework.web.filter.RequestContextFilter.doFilterInternal(RequestContextFilter.java:100)
	at org.springframework.web.filter.OncePerRequestFilter.doFilter(OncePerRequestFilter.java:119)
	at org.apache.catalina.core.ApplicationFilterChain.internalDoFilter(ApplicationFilterChain.java:193)
	at org.apache.catalina.core.ApplicationFilterChain.doFilter(ApplicationFilterChain.java:166)
	at org.springframework.web.filter.FormContentFilter.doFilterInternal(FormContentFilter.java:93)
	at org.springframework.web.filter.OncePerRequestFilter.doFilter(OncePerRequestFilter.java:119)
	at org.apache.catalina.core.ApplicationFilterChain.internalDoFilter(ApplicationFilterChain.java:193)
	at org.apache.catalina.core.ApplicationFilterChain.doFilter(ApplicationFilterChain.java:166)
	at org.springframework.web.filter.CharacterEncodingFilter.doFilterInternal(CharacterEncodingFilter.java:201)
	at org.springframework.web.filter.OncePerRequestFilter.doFilter(OncePerRequestFilter.java:119)
	at org.apache.catalina.core.ApplicationFilterChain.internalDoFilter(ApplicationFilterChain.java:193)
	at org.apache.catalina.core.ApplicationFilterChain.doFilter(ApplicationFilterChain.java:166)
	at org.apache.catalina.core.StandardWrapperValve.invoke(StandardWrapperValve.java:202)
	at org.apache.catalina.core.StandardContextValve.invoke(StandardContextValve.java:96)
	at org.apache.catalina.authenticator.AuthenticatorBase.invoke(AuthenticatorBase.java:541)
	at org.apache.catalina.core.StandardHostValve.invoke(StandardHostValve.java:139)
	at org.apache.catalina.valves.ErrorReportValve.invoke(ErrorReportValve.java:92)
	at org.apache.catalina.core.StandardEngineValve.invoke(StandardEngineValve.java:74)
	at org.apache.catalina.connector.CoyoteAdapter.service(CoyoteAdapter.java:343)
	at org.apache.coyote.http11.Http11Processor.service(Http11Processor.java:373)
	at org.apache.coyote.AbstractProcessorLight.process(AbstractProcessorLight.java:65)
	at org.apache.coyote.AbstractProtocol$ConnectionHandler.process(AbstractProtocol.java:868)
	at org.apache.tomcat.util.net.NioEndpoint$SocketProcessor.doRun(NioEndpoint.java:1590)
	at org.apache.tomcat.util.net.SocketProcessorBase.run(SocketProcessorBase.java:49)
	at java.base/java.util.concurrent.ThreadPoolExecutor.runWorker(ThreadPoolExecutor.java:1128)
	at java.base/java.util.concurrent.ThreadPoolExecutor$Worker.run(ThreadPoolExecutor.java:628)
	at org.apache.tomcat.util.threads.TaskThread$WrappingRunnable.run(TaskThread.java:61)
	at java.base/java.lang.Thread.run(Thread.java:834)

2024-01-17 16:36:57.560 ERROR 10760 --- [http-nio-8086-exec-5] o.a.c.c.C.[.[.[/].[dispatcherServlet]    : Servlet.service() for servlet [dispatcherServlet] in context with path [] threw exception [Request processing failed; nested exception is java.lang.NullPointerException] with root cause

java.lang.NullPointerException: null
	at com.zs.backend.service.impl.CommonUserServiceImpl.getUserPage(CommonUserServiceImpl.java:38)
	at com.zs.backend.service.impl.CommonUserServiceImpl$$FastClassBySpringCGLIB$$9a16976c.invoke(<generated>)
	at org.springframework.cglib.proxy.MethodProxy.invoke(MethodProxy.java:218)
	at org.springframework.aop.framework.CglibAopProxy$DynamicAdvisedInterceptor.intercept(CglibAopProxy.java:687)
	at com.zs.backend.service.impl.CommonUserServiceImpl$$EnhancerBySpringCGLIB$$38921fb.getUserPage(<generated>)
	at com.zs.backend.test.TestController.test(TestController.java:22)
	at java.base/jdk.internal.reflect.NativeMethodAccessorImpl.invoke0(Native Method)
	at java.base/jdk.internal.reflect.NativeMethodAccessorImpl.invoke(NativeMethodAccessorImpl.java:62)
	at java.base/jdk.internal.reflect.DelegatingMethodAccessorImpl.invoke(DelegatingMethodAccessorImpl.java:43)
	at java.base/java.lang.reflect.Method.invoke(Method.java:566)
	at org.springframework.web.method.support.InvocableHandlerMethod.doInvoke(InvocableHandlerMethod.java:190)
	at org.springframework.web.method.support.InvocableHandlerMethod.invokeForRequest(InvocableHandlerMethod.java:138)
	at org.springframework.web.servlet.mvc.method.annotation.ServletInvocableHandlerMethod.invokeAndHandle(ServletInvocableHandlerMethod.java:105)
	at org.springframework.web.servlet.mvc.method.annotation.RequestMappingHandlerAdapter.invokeHandlerMethod(RequestMappingHandlerAdapter.java:879)
	at org.springframework.web.servlet.mvc.method.annotation.RequestMappingHandlerAdapter.handleInternal(RequestMappingHandlerAdapter.java:793)
	at org.springframework.web.servlet.mvc.method.AbstractHandlerMethodAdapter.handle(AbstractHandlerMethodAdapter.java:87)
	at org.springframework.web.servlet.DispatcherServlet.doDispatch(DispatcherServlet.java:1040)
	at org.springframework.web.servlet.DispatcherServlet.doService(DispatcherServlet.java:943)
	at org.springframework.web.servlet.FrameworkServlet.processRequest(FrameworkServlet.java:1006)
	at org.springframework.web.servlet.FrameworkServlet.doGet(FrameworkServlet.java:898)
	at javax.servlet.http.HttpServlet.service(HttpServlet.java:634)
	at org.springframework.web.servlet.FrameworkServlet.service(FrameworkServlet.java:883)
	at javax.servlet.http.HttpServlet.service(HttpServlet.java:741)
	at org.apache.catalina.core.ApplicationFilterChain.internalDoFilter(ApplicationFilterChain.java:231)
	at org.apache.catalina.core.ApplicationFilterChain.doFilter(ApplicationFilterChain.java:166)
	at org.apache.tomcat.websocket.server.WsFilter.doFilter(WsFilter.java:53)
	at org.apache.catalina.core.ApplicationFilterChain.internalDoFilter(ApplicationFilterChain.java:193)
	at org.apache.catalina.core.ApplicationFilterChain.doFilter(ApplicationFilterChain.java:166)
	at org.springframework.web.filter.RequestContextFilter.doFilterInternal(RequestContextFilter.java:100)
	at org.springframework.web.filter.OncePerRequestFilter.doFilter(OncePerRequestFilter.java:119)
	at org.apache.catalina.core.ApplicationFilterChain.internalDoFilter(ApplicationFilterChain.java:193)
	at org.apache.catalina.core.ApplicationFilterChain.doFilter(ApplicationFilterChain.java:166)
	at org.springframework.web.filter.FormContentFilter.doFilterInternal(FormContentFilter.java:93)
	at org.springframework.web.filter.OncePerRequestFilter.doFilter(OncePerRequestFilter.java:119)
	at org.apache.catalina.core.ApplicationFilterChain.internalDoFilter(ApplicationFilterChain.java:193)
	at org.apache.catalina.core.ApplicationFilterChain.doFilter(ApplicationFilterChain.java:166)
	at org.springframework.web.filter.CharacterEncodingFilter.doFilterInternal(CharacterEncodingFilter.java:201)
	at org.springframework.web.filter.OncePerRequestFilter.doFilter(OncePerRequestFilter.java:119)
	at org.apache.catalina.core.ApplicationFilterChain.internalDoFilter(ApplicationFilterChain.java:193)
	at org.apache.catalina.core.ApplicationFilterChain.doFilter(ApplicationFilterChain.java:166)
	at org.apache.catalina.core.StandardWrapperValve.invoke(StandardWrapperValve.java:202)
	at org.apache.catalina.core.StandardContextValve.invoke(StandardContextValve.java:96)
	at org.apache.catalina.authenticator.AuthenticatorBase.invoke(AuthenticatorBase.java:541)
	at org.apache.catalina.core.StandardHostValve.invoke(StandardHostValve.java:139)
	at org.apache.catalina.valves.ErrorReportValve.invoke(ErrorReportValve.java:92)
	at org.apache.catalina.core.StandardEngineValve.invoke(StandardEngineValve.java:74)
	at org.apache.catalina.connector.CoyoteAdapter.service(CoyoteAdapter.java:343)
	at org.apache.coyote.http11.Http11Processor.service(Http11Processor.java:373)
	at org.apache.coyote.AbstractProcessorLight.process(AbstractProcessorLight.java:65)
	at org.apache.coyote.AbstractProtocol$ConnectionHandler.process(AbstractProtocol.java:868)
	at org.apache.tomcat.util.net.NioEndpoint$SocketProcessor.doRun(NioEndpoint.java:1590)
	at org.apache.tomcat.util.net.SocketProcessorBase.run(SocketProcessorBase.java:49)
	at java.base/java.util.concurrent.ThreadPoolExecutor.runWorker(ThreadPoolExecutor.java:1128)
	at java.base/java.util.concurrent.ThreadPoolExecutor$Worker.run(ThreadPoolExecutor.java:628)
	at org.apache.tomcat.util.threads.TaskThread$WrappingRunnable.run(TaskThread.java:61)
	at java.base/java.lang.Thread.run(Thread.java:834)

2024-01-17 16:36:57.560 ERROR 10760 --- [http-nio-8086-exec-6] o.a.c.c.C.[.[.[/].[dispatcherServlet]    : Servlet.service() for servlet [dispatcherServlet] in context with path [] threw exception [Request processing failed; nested exception is java.lang.NullPointerException] with root cause

java.lang.NullPointerException: null
	at com.zs.backend.service.impl.CommonUserServiceImpl.getUserPage(CommonUserServiceImpl.java:38)
	at com.zs.backend.service.impl.CommonUserServiceImpl$$FastClassBySpringCGLIB$$9a16976c.invoke(<generated>)
	at org.springframework.cglib.proxy.MethodProxy.invoke(MethodProxy.java:218)
	at org.springframework.aop.framework.CglibAopProxy$DynamicAdvisedInterceptor.intercept(CglibAopProxy.java:687)
	at com.zs.backend.service.impl.CommonUserServiceImpl$$EnhancerBySpringCGLIB$$38921fb.getUserPage(<generated>)
	at com.zs.backend.test.TestController.test(TestController.java:22)
	at java.base/jdk.internal.reflect.NativeMethodAccessorImpl.invoke0(Native Method)
	at java.base/jdk.internal.reflect.NativeMethodAccessorImpl.invoke(NativeMethodAccessorImpl.java:62)
	at java.base/jdk.internal.reflect.DelegatingMethodAccessorImpl.invoke(DelegatingMethodAccessorImpl.java:43)
	at java.base/java.lang.reflect.Method.invoke(Method.java:566)
	at org.springframework.web.method.support.InvocableHandlerMethod.doInvoke(InvocableHandlerMethod.java:190)
	at org.springframework.web.method.support.InvocableHandlerMethod.invokeForRequest(InvocableHandlerMethod.java:138)
	at org.springframework.web.servlet.mvc.method.annotation.ServletInvocableHandlerMethod.invokeAndHandle(ServletInvocableHandlerMethod.java:105)
	at org.springframework.web.servlet.mvc.method.annotation.RequestMappingHandlerAdapter.invokeHandlerMethod(RequestMappingHandlerAdapter.java:879)
	at org.springframework.web.servlet.mvc.method.annotation.RequestMappingHandlerAdapter.handleInternal(RequestMappingHandlerAdapter.java:793)
	at org.springframework.web.servlet.mvc.method.AbstractHandlerMethodAdapter.handle(AbstractHandlerMethodAdapter.java:87)
	at org.springframework.web.servlet.DispatcherServlet.doDispatch(DispatcherServlet.java:1040)
	at org.springframework.web.servlet.DispatcherServlet.doService(DispatcherServlet.java:943)
	at org.springframework.web.servlet.FrameworkServlet.processRequest(FrameworkServlet.java:1006)
	at org.springframework.web.servlet.FrameworkServlet.doGet(FrameworkServlet.java:898)
	at javax.servlet.http.HttpServlet.service(HttpServlet.java:634)
	at org.springframework.web.servlet.FrameworkServlet.service(FrameworkServlet.java:883)
	at javax.servlet.http.HttpServlet.service(HttpServlet.java:741)
	at org.apache.catalina.core.ApplicationFilterChain.internalDoFilter(ApplicationFilterChain.java:231)
	at org.apache.catalina.core.ApplicationFilterChain.doFilter(ApplicationFilterChain.java:166)
	at org.apache.tomcat.websocket.server.WsFilter.doFilter(WsFilter.java:53)
	at org.apache.catalina.core.ApplicationFilterChain.internalDoFilter(ApplicationFilterChain.java:193)
	at org.apache.catalina.core.ApplicationFilterChain.doFilter(ApplicationFilterChain.java:166)
	at org.springframework.web.filter.RequestContextFilter.doFilterInternal(RequestContextFilter.java:100)
	at org.springframework.web.filter.OncePerRequestFilter.doFilter(OncePerRequestFilter.java:119)
	at org.apache.catalina.core.ApplicationFilterChain.internalDoFilter(ApplicationFilterChain.java:193)
	at org.apache.catalina.core.ApplicationFilterChain.doFilter(ApplicationFilterChain.java:166)
	at org.springframework.web.filter.FormContentFilter.doFilterInternal(FormContentFilter.java:93)
	at org.springframework.web.filter.OncePerRequestFilter.doFilter(OncePerRequestFilter.java:119)
	at org.apache.catalina.core.ApplicationFilterChain.internalDoFilter(ApplicationFilterChain.java:193)
	at org.apache.catalina.core.ApplicationFilterChain.doFilter(ApplicationFilterChain.java:166)
	at org.springframework.web.filter.CharacterEncodingFilter.doFilterInternal(CharacterEncodingFilter.java:201)
	at org.springframework.web.filter.OncePerRequestFilter.doFilter(OncePerRequestFilter.java:119)
	at org.apache.catalina.core.ApplicationFilterChain.internalDoFilter(ApplicationFilterChain.java:193)
	at org.apache.catalina.core.ApplicationFilterChain.doFilter(ApplicationFilterChain.java:166)
	at org.apache.catalina.core.StandardWrapperValve.invoke(StandardWrapperValve.java:202)
	at org.apache.catalina.core.StandardContextValve.invoke(StandardContextValve.java:96)
	at org.apache.catalina.authenticator.AuthenticatorBase.invoke(AuthenticatorBase.java:541)
	at org.apache.catalina.core.StandardHostValve.invoke(StandardHostValve.java:139)
	at org.apache.catalina.valves.ErrorReportValve.invoke(ErrorReportValve.java:92)
	at org.apache.catalina.core.StandardEngineValve.invoke(StandardEngineValve.java:74)
	at org.apache.catalina.connector.CoyoteAdapter.service(CoyoteAdapter.java:343)
	at org.apache.coyote.http11.Http11Processor.service(Http11Processor.java:373)
	at org.apache.coyote.AbstractProcessorLight.process(AbstractProcessorLight.java:65)
	at org.apache.coyote.AbstractProtocol$ConnectionHandler.process(AbstractProtocol.java:868)
	at org.apache.tomcat.util.net.NioEndpoint$SocketProcessor.doRun(NioEndpoint.java:1590)
	at org.apache.tomcat.util.net.SocketProcessorBase.run(SocketProcessorBase.java:49)
	at java.base/java.util.concurrent.ThreadPoolExecutor.runWorker(ThreadPoolExecutor.java:1128)
	at java.base/java.util.concurrent.ThreadPoolExecutor$Worker.run(ThreadPoolExecutor.java:628)
	at org.apache.tomcat.util.threads.TaskThread$WrappingRunnable.run(TaskThread.java:61)
	at java.base/java.lang.Thread.run(Thread.java:834)

2024-01-17 16:37:19.515  INFO 11984 --- [main] com.zs.backend.BackendApplication        : Starting BackendApplication on DESKTOP-JIFFL0C with PID 11984 (D:\my-project\backend\backend-controller\target\classes started by Administrator in D:\my-project\backend)
2024-01-17 16:37:19.518 DEBUG 11984 --- [main] com.zs.backend.BackendApplication        : Running with Spring Boot v2.3.1.RELEASE, Spring v5.2.7.RELEASE
2024-01-17 16:37:19.518  INFO 11984 --- [main] com.zs.backend.BackendApplication        : The following profiles are active: dev
2024-01-17 16:37:21.016  INFO 11984 --- [main] o.s.b.w.embedded.tomcat.TomcatWebServer  : Tomcat initialized with port(s): 8086 (http)
2024-01-17 16:37:21.029  INFO 11984 --- [main] o.apache.catalina.core.StandardService   : Starting service [Tomcat]
2024-01-17 16:37:21.030  INFO 11984 --- [main] org.apache.catalina.core.StandardEngine  : Starting Servlet engine: [Apache Tomcat/9.0.36]
2024-01-17 16:37:21.151  INFO 11984 --- [main] o.a.c.c.C.[Tomcat].[localhost].[/]       : Initializing Spring embedded WebApplicationContext
2024-01-17 16:37:21.152  INFO 11984 --- [main] w.s.c.ServletWebServerApplicationContext : Root WebApplicationContext: initialization completed in 1567 ms
2024-01-17 16:37:21.253  INFO 11984 --- [main] c.a.d.s.b.a.DruidDataSourceAutoConfigure : Init DruidDataSource
2024-01-17 16:37:21.432  INFO 11984 --- [main] com.alibaba.druid.pool.DruidDataSource   : {dataSource-1} inited
2024-01-17 16:37:21.845  INFO 11984 --- [main] o.s.s.concurrent.ThreadPoolTaskExecutor  : Initializing ExecutorService 'applicationTaskExecutor'
2024-01-17 16:37:22.141  INFO 11984 --- [main] o.s.b.w.embedded.tomcat.TomcatWebServer  : Tomcat started on port(s): 8086 (http) with context path ''
2024-01-17 16:37:22.160  INFO 11984 --- [main] com.zs.backend.BackendApplication        : Started BackendApplication in 3.38 seconds (JVM running for 5.069)
2024-01-17 16:37:30.828  INFO 11984 --- [http-nio-8086-exec-2] o.a.c.c.C.[Tomcat].[localhost].[/]       : Initializing Spring DispatcherServlet 'dispatcherServlet'
2024-01-17 16:37:30.830  INFO 11984 --- [http-nio-8086-exec-2] o.s.web.servlet.DispatcherServlet        : Initializing Servlet 'dispatcherServlet'
2024-01-17 16:37:30.862  INFO 11984 --- [http-nio-8086-exec-2] o.s.web.servlet.DispatcherServlet        : Completed initialization in 32 ms
2024-01-17 16:37:31.645 DEBUG 11984 --- [http-nio-8086-exec-2] c.z.b.m.m.u.CommonUserMapper.selectPage  : ==>  Preparing: SELECT id,birthday,sex,update_time,del,password,create_time,name,nickname,tel FROM common_user ORDER BY update_time DESC 
2024-01-17 16:37:31.679 DEBUG 11984 --- [http-nio-8086-exec-2] c.z.b.m.m.u.CommonUserMapper.selectPage  : ==> Parameters: 
2024-01-17 16:37:31.744 TRACE 11984 --- [http-nio-8086-exec-2] c.z.b.m.m.u.CommonUserMapper.selectPage  : <==    Columns: id, birthday, sex, update_time, del, password, create_time, name, nickname, tel
2024-01-17 16:37:31.746 TRACE 11984 --- [http-nio-8086-exec-2] c.z.b.m.m.u.CommonUserMapper.selectPage  : <==        Row: 086480ab533b4a0c8fdc2b9af8675da3, 2020-12-14, 0, 2020-12-19 00:00:12, 1, null, 2020-12-19 00:00:12, 112, 123, 13685968596
2024-01-17 16:37:31.753 TRACE 11984 --- [http-nio-8086-exec-2] c.z.b.m.m.u.CommonUserMapper.selectPage  : <==        Row: 465b155bca7f461b9508db1807d75165, 2020-12-25, 1, 2020-12-12 00:18:18, 1, null, 2020-12-12 00:18:18, 张帅3, black, 13685968596
2024-01-17 16:37:31.754 TRACE 11984 --- [http-nio-8086-exec-2] c.z.b.m.m.u.CommonUserMapper.selectPage  : <==        Row: 49587c8990a040578ae4441921e7d65a, 2020-12-29, 1, 2020-12-12 00:18:18, 0, null, 2020-12-12 00:18:18, 张帅, black, 13685968596
2024-01-17 16:37:31.755 DEBUG 11984 --- [http-nio-8086-exec-2] c.z.b.m.m.u.CommonUserMapper.selectPage  : <==      Total: 3
